Determining if the pthread_create exist failed with the following output:
Change Dir: /home/kevin/PycharmProjects/PyOpenPose/build/CMakeFiles/CMakeTmp

Run Build Command:"/usr/bin/make" "cmTC_53f2a/fast"
/usr/bin/make -f CMakeFiles/cmTC_53f2a.dir/build.make CMakeFiles/cmTC_53f2a.dir/build
make[1]: Entering directory '/home/kevin/PycharmProjects/PyOpenPose/build/CMakeFiles/CMakeTmp'
Building C object CMakeFiles/cmTC_53f2a.dir/CheckSymbolExists.c.o
/usr/bin/cc    -fPIC    -o CMakeFiles/cmTC_53f2a.dir/CheckSymbolExists.c.o   -c /home/kevin/PycharmProjects/PyOpenPose/build/CMakeFiles/CMakeTmp/CheckSymbolExists.c
Linking C executable cmTC_53f2a
/usr/bin/cmake -E cmake_link_script CMakeFiles/cmTC_53f2a.dir/link.txt --verbose=1
/usr/bin/cc  -fPIC     CMakeFiles/cmTC_53f2a.dir/CheckSymbolExists.c.o  -o cmTC_53f2a 
CMakeFiles/cmTC_53f2a.dir/CheckSymbolExists.c.o：在函数‘main’中：
CheckSymbolExists.c:(.text+0x1b)：对‘pthread_create’未定义的引用
collect2: error: ld returned 1 exit status
CMakeFiles/cmTC_53f2a.dir/build.make:97: recipe for target 'cmTC_53f2a' failed
make[1]: *** [cmTC_53f2a] Error 1
make[1]: Leaving directory '/home/kevin/PycharmProjects/PyOpenPose/build/CMakeFiles/CMakeTmp'
Makefile:126: recipe for target 'cmTC_53f2a/fast' failed
make: *** [cmTC_53f2a/fast] Error 2

File /home/kevin/PycharmProjects/PyOpenPose/build/CMakeFiles/CMakeTmp/CheckSymbolExists.c:
/* */
#include <pthread.h>

int main(int argc, char** argv)
{
  (void)argv;
#ifndef pthread_create
  return ((int*)(&pthread_create))[argc];
#else
  (void)argc;
  return 0;
#endif
}

Determining if the function pthread_create exists in the pthreads failed with the following output:
Change Dir: /home/kevin/PycharmProjects/PyOpenPose/build/CMakeFiles/CMakeTmp

Run Build Command:"/usr/bin/make" "cmTC_66d14/fast"
/usr/bin/make -f CMakeFiles/cmTC_66d14.dir/build.make CMakeFiles/cmTC_66d14.dir/build
make[1]: Entering directory '/home/kevin/PycharmProjects/PyOpenPose/build/CMakeFiles/CMakeTmp'
Building C object CMakeFiles/cmTC_66d14.dir/CheckFunctionExists.c.o
/usr/bin/cc    -fPIC -DCHECK_FUNCTION_EXISTS=pthread_create   -o CMakeFiles/cmTC_66d14.dir/CheckFunctionExists.c.o   -c /usr/share/cmake-3.5/Modules/CheckFunctionExists.c
Linking C executable cmTC_66d14
/usr/bin/cmake -E cmake_link_script CMakeFiles/cmTC_66d14.dir/link.txt --verbose=1
/usr/bin/cc  -fPIC -DCHECK_FUNCTION_EXISTS=pthread_create    CMakeFiles/cmTC_66d14.dir/CheckFunctionExists.c.o  -o cmTC_66d14 -lpthreads 
/usr/bin/ld: 找不到 -lpthreads
collect2: error: ld returned 1 exit status
CMakeFiles/cmTC_66d14.dir/build.make:97: recipe for target 'cmTC_66d14' failed
make[1]: *** [cmTC_66d14] Error 1
make[1]: Leaving directory '/home/kevin/PycharmProjects/PyOpenPose/build/CMakeFiles/CMakeTmp'
Makefile:126: recipe for target 'cmTC_66d14/fast' failed
make: *** [cmTC_66d14/fast] Error 2


